<?xml version="1.0" encoding="UTF-8"?>
<!-- Generated by org.testng.reporters.JUnitXMLReporter -->
<testsuite ignored="0" hostname="DESKTOP-003T0N6" failures="0" tests="4" name="Default test" time="14.918" errors="0" timestamp="2021-02-26T18:37:43 IST">
  <testcase classname="com.test.amazon.OnlineMobileSearch.MobileSearch" name="searchMobile" time="3.61"/>
  <testcase classname="com.test.amazon.OnlineMobileSearch.MobileSearch" name="validateSearch" time="0.37"/>
  <testcase classname="com.test.amazon.OnlineMobileSearch.MobileSearch" name="sortByList" time="0.697"/>
  <testcase classname="com.test.amazon.OnlineMobileSearch.MobileSearch" name="selectNewArrived" time="0.482"/>
</testsuite> <!-- Default test -->
