<?xml version="1.0" encoding="UTF-8"?>
<testng-results ignored="0" total="4" passed="4" failed="0" skipped="0">
  <reporter-output>
  </reporter-output>
  <suite started-at="2021-02-26T18:37:28 IST" name="Default suite" finished-at="2021-02-26T18:37:43 IST" duration-ms="14918">
    <groups>
    </groups>
    <test started-at="2021-02-26T18:37:28 IST" name="Default test" finished-at="2021-02-26T18:37:43 IST" duration-ms="14918">
      <class name="com.test.amazon.OnlineMobileSearch.MobileSearch">
        <test-method is-config="true" signature="setExcelFile()[pri:0, instance:com.test.amazon.OnlineMobileSearch.MobileSearch@62230c58]" started-at="2021-02-26T18:37:27 IST" name="setExcelFile" finished-at="2021-02-26T18:37:28 IST" duration-ms="892" status="PASS">
          <reporter-output>
          </reporter-output>
        </test-method> <!-- setExcelFile -->
        <test-method is-config="true" signature="createDriver()[pri:0, instance:com.test.amazon.OnlineMobileSearch.MobileSearch@62230c58]" started-at="2021-02-26T18:37:28 IST" name="createDriver" finished-at="2021-02-26T18:37:37 IST" duration-ms="8866" status="PASS">
          <reporter-output>
          </reporter-output>
        </test-method> <!-- createDriver -->
        <test-method signature="searchMobile()[pri:0, instance:com.test.amazon.OnlineMobileSearch.MobileSearch@62230c58]" started-at="2021-02-26T18:37:37 IST" name="searchMobile" finished-at="2021-02-26T18:37:41 IST" duration-ms="3610" status="PASS">
          <reporter-output>
          </reporter-output>
        </test-method> <!-- searchMobile -->
        <test-method signature="validateSearch()[pri:1, instance:com.test.amazon.OnlineMobileSearch.MobileSearch@62230c58]" started-at="2021-02-26T18:37:41 IST" name="validateSearch" finished-at="2021-02-26T18:37:41 IST" duration-ms="370" status="PASS">
          <reporter-output>
          </reporter-output>
        </test-method> <!-- validateSearch -->
        <test-method signature="sortByList()[pri:2, instance:com.test.amazon.OnlineMobileSearch.MobileSearch@62230c58]" started-at="2021-02-26T18:37:41 IST" name="sortByList" finished-at="2021-02-26T18:37:42 IST" duration-ms="697" status="PASS">
          <reporter-output>
          </reporter-output>
        </test-method> <!-- sortByList -->
        <test-method signature="selectNewArrived()[pri:3, instance:com.test.amazon.OnlineMobileSearch.MobileSearch@62230c58]" started-at="2021-02-26T18:37:42 IST" name="selectNewArrived" finished-at="2021-02-26T18:37:42 IST" duration-ms="482" status="PASS">
          <reporter-output>
          </reporter-output>
        </test-method> <!-- selectNewArrived -->
        <test-method is-config="true" signature="closeBrowser()[pri:0, instance:com.test.amazon.OnlineMobileSearch.MobileSearch@62230c58]" started-at="2021-02-26T18:37:42 IST" name="closeBrowser" finished-at="2021-02-26T18:37:43 IST" duration-ms="815" status="PASS">
          <reporter-output>
          </reporter-output>
        </test-method> <!-- closeBrowser -->
        <test-method is-config="true" signature="closeExcel()[pri:0, instance:com.test.amazon.OnlineMobileSearch.MobileSearch@62230c58]" started-at="2021-02-26T18:37:43 IST" name="closeExcel" finished-at="2021-02-26T18:37:43 IST" duration-ms="1" status="PASS">
          <reporter-output>
          </reporter-output>
        </test-method> <!-- closeExcel -->
      </class> <!-- com.test.amazon.OnlineMobileSearch.MobileSearch -->
    </test> <!-- Default test -->
  </suite> <!-- Default suite -->
</testng-results>
